<?xml version="1.0" encoding="UTF-8"?>
<!-- Generated by org.testng.reporters.JUnitXMLReporter -->
<testsuite ignored="0" hostname="DESKTOP-FFFNN1J" failures="0" tests="7" name="Default test" time="122.398" errors="0" timestamp="2025-01-22T15:36:00 IST">
  <testcase classname="Base.CutomizeTestNGCucmberRunner" name="runScenario" time="9.906"/>
  <testcase classname="Base.CutomizeTestNGCucmberRunner" name="runScenario" time="9.475"/>
  <testcase classname="Base.CutomizeTestNGCucmberRunner" name="runScenario" time="14.311"/>
  <testcase classname="Base.CutomizeTestNGCucmberRunner" name="runScenario" time="8.972"/>
  <testcase classname="Base.CutomizeTestNGCucmberRunner" name="runScenario" time="11.975"/>
  <testcase classname="Base.CutomizeTestNGCucmberRunner" name="runScenario" time="8.656"/>
  <testcase classname="Base.CutomizeTestNGCucmberRunner" name="runScenario" time="10.624"/>
</testsuite> <!-- Default test -->
