<?xml version="1.0" encoding="UTF-8"?>
<!-- Generated by org.testng.reporters.JUnitXMLReporter -->
<testsuite ignored="0" hostname="DESKTOP-FFFNN1J" failures="0" tests="6" name="Default test" time="122.956" errors="0" timestamp="2025-01-23T15:29:35 IST">
  <testcase classname="Base.CutomizeTestNGCucmberRunner" name="runScenario" time="13.754"/>
  <testcase classname="Base.CutomizeTestNGCucmberRunner" name="runScenario" time="13.096"/>
  <testcase classname="Base.CutomizeTestNGCucmberRunner" name="runScenario" time="13.547"/>
  <testcase classname="Base.CutomizeTestNGCucmberRunner" name="runScenario" time="14.146"/>
  <testcase classname="Base.CutomizeTestNGCucmberRunner" name="runScenario" time="12.94"/>
  <testcase classname="Base.CutomizeTestNGCucmberRunner" name="runScenario" time="13.489"/>
</testsuite> <!-- Default test -->
