<?xml version="1.0" encoding="UTF-8"?>
<!-- Generated by org.testng.reporters.JUnitXMLReporter -->
<testsuite ignored="0" hostname="DESKTOP-FFFNN1J" failures="0" tests="5" name="Default test" time="105.944" errors="0" timestamp="2025-01-22T18:23:57 IST">
  <testcase classname="Base.CutomizeTestNGCucmberRunner" name="runScenario" time="13.566"/>
  <testcase classname="Base.CutomizeTestNGCucmberRunner" name="runScenario" time="13.628"/>
  <testcase classname="Base.CutomizeTestNGCucmberRunner" name="runScenario" time="13.193"/>
  <testcase classname="Base.CutomizeTestNGCucmberRunner" name="runScenario" time="13.521"/>
  <testcase classname="Base.CutomizeTestNGCucmberRunner" name="runScenario" time="13.301"/>
</testsuite> <!-- Default test -->
