<?xml version="1.0" encoding="UTF-8"?>
<!-- Generated by org.testng.reporters.JUnitXMLReporter -->
<testsuite ignored="0" hostname="DESKTOP-FFFNN1J" failures="0" tests="6" name="Default test" time="106.488" errors="0" timestamp="2025-01-23T17:16:22 IST">
  <testcase classname="Base.CutomizeTestNGCucmberRunner" name="runScenario" time="14.513"/>
  <testcase classname="Base.CutomizeTestNGCucmberRunner" name="runScenario" time="14.257"/>
  <testcase classname="Base.CutomizeTestNGCucmberRunner" name="runScenario" time="9.26"/>
  <testcase classname="Base.CutomizeTestNGCucmberRunner" name="runScenario" time="11.515"/>
  <testcase classname="Base.CutomizeTestNGCucmberRunner" name="runScenario" time="10.037"/>
  <testcase classname="Base.CutomizeTestNGCucmberRunner" name="runScenario" time="6.479"/>
</testsuite> <!-- Default test -->
