<?xml version="1.0" encoding="UTF-8"?>
<testng-results ignored="0" total="5" passed="5" failed="0" skipped="0">
  <reporter-output>
  </reporter-output>
  <suite started-at="2025-01-22T18:22:11 IST" name="Default suite" finished-at="2025-01-22T18:23:57 IST" duration-ms="105944">
    <groups>
      <group name="cucumber">
        <method signature="CutomizeTestNGCucmberRunner.runScenario(io.cucumber.testng.PickleWrapper,io.cucumber.testng.FeatureWrapper)[pri:0, instance:Runner.testRunner@77f1baf5]" name="runScenario" class="Base.CutomizeTestNGCucmberRunner"/>
      </group> <!-- cucumber -->
    </groups>
    <test started-at="2025-01-22T18:22:11 IST" name="Default test" finished-at="2025-01-22T18:23:57 IST" duration-ms="105944">
      <class name="Runner.testRunner">
        <test-method is-config="true" signature="setUpClass()[pri:0, instance:Runner.testRunner@77f1baf5]" started-at="2025-01-22T18:22:11 IST" name="setUpClass" finished-at="2025-01-22T18:22:12 IST" duration-ms="1076" status="PASS">
          <reporter-output>
          </reporter-output>
        </test-method> <!-- setUpClass -->
        <test-method is-config="true" signature="CreateDriver()[pri:0, instance:Runner.testRunner@77f1baf5]" started-at="2025-01-22T18:22:12 IST" name="CreateDriver" finished-at="2025-01-22T18:22:18 IST" duration-ms="5699" status="PASS">
          <reporter-output>
          </reporter-output>
        </test-method> <!-- CreateDriver -->
        <test-method signature="runScenario(io.cucumber.testng.PickleWrapper,io.cucumber.testng.FeatureWrapper)[pri:0, instance:Runner.testRunner@77f1baf5]" started-at="2025-01-22T18:22:18 IST" name="runScenario" description="Runs Cucumber Scenarios" data-provider="scenarios" finished-at="2025-01-22T18:22:32 IST" duration-ms="13566" status="PASS">
          <params>
            <param index="0">
              <value>
                <![CDATA["Update System Email and Contact Number"]]>
              </value>
            </param>
            <param index="1">
              <value>
                <![CDATA["Settings Module Operations in General settings Module"]]>
              </value>
            </param>
          </params>
          <reporter-output>
          </reporter-output>
        </test-method> <!-- runScenario -->
        <test-method is-config="true" signature="afterSuite()[pri:0, instance:Runner.testRunner@77f1baf5]" started-at="2025-01-22T18:22:32 IST" name="afterSuite" finished-at="2025-01-22T18:22:33 IST" duration-ms="1851" status="PASS">
          <reporter-output>
          </reporter-output>
        </test-method> <!-- afterSuite -->
        <test-method is-config="true" signature="CreateDriver()[pri:0, instance:Runner.testRunner@77f1baf5]" started-at="2025-01-22T18:22:33 IST" name="CreateDriver" finished-at="2025-01-22T18:22:38 IST" duration-ms="5052" status="PASS">
          <reporter-output>
          </reporter-output>
        </test-method> <!-- CreateDriver -->
        <test-method signature="runScenario(io.cucumber.testng.PickleWrapper,io.cucumber.testng.FeatureWrapper)[pri:0, instance:Runner.testRunner@77f1baf5]" started-at="2025-01-22T18:22:38 IST" name="runScenario" description="Runs Cucumber Scenarios" data-provider="scenarios" finished-at="2025-01-22T18:22:52 IST" duration-ms="13628" status="PASS">
          <params>
            <param index="0">
              <value>
                <![CDATA["Update Social media links"]]>
              </value>
            </param>
            <param index="1">
              <value>
                <![CDATA["Settings Module Operations in General settings Module"]]>
              </value>
            </param>
          </params>
          <reporter-output>
          </reporter-output>
        </test-method> <!-- runScenario -->
        <test-method is-config="true" signature="afterSuite()[pri:0, instance:Runner.testRunner@77f1baf5]" started-at="2025-01-22T18:22:52 IST" name="afterSuite" finished-at="2025-01-22T18:22:52 IST" duration-ms="235" status="PASS">
          <reporter-output>
          </reporter-output>
        </test-method> <!-- afterSuite -->
        <test-method is-config="true" signature="CreateDriver()[pri:0, instance:Runner.testRunner@77f1baf5]" started-at="2025-01-22T18:22:52 IST" name="CreateDriver" finished-at="2025-01-22T18:22:57 IST" duration-ms="5073" status="PASS">
          <reporter-output>
          </reporter-output>
        </test-method> <!-- CreateDriver -->
        <test-method signature="runScenario(io.cucumber.testng.PickleWrapper,io.cucumber.testng.FeatureWrapper)[pri:0, instance:Runner.testRunner@77f1baf5]" started-at="2025-01-22T18:22:57 IST" name="runScenario" description="Runs Cucumber Scenarios" data-provider="scenarios" finished-at="2025-01-22T18:23:11 IST" duration-ms="13193" status="PASS">
          <params>
            <param index="0">
              <value>
                <![CDATA["Update Deposite and withdraw amount"]]>
              </value>
            </param>
            <param index="1">
              <value>
                <![CDATA["Settings Module Operations in General settings Module"]]>
              </value>
            </param>
          </params>
          <reporter-output>
          </reporter-output>
        </test-method> <!-- runScenario -->
        <test-method is-config="true" signature="afterSuite()[pri:0, instance:Runner.testRunner@77f1baf5]" started-at="2025-01-22T18:23:11 IST" name="afterSuite" finished-at="2025-01-22T18:23:12 IST" duration-ms="1815" status="PASS">
          <reporter-output>
          </reporter-output>
        </test-method> <!-- afterSuite -->
        <test-method is-config="true" signature="CreateDriver()[pri:0, instance:Runner.testRunner@77f1baf5]" started-at="2025-01-22T18:23:12 IST" name="CreateDriver" finished-at="2025-01-22T18:23:18 IST" duration-ms="5309" status="PASS">
          <reporter-output>
          </reporter-output>
        </test-method> <!-- CreateDriver -->
        <test-method signature="runScenario(io.cucumber.testng.PickleWrapper,io.cucumber.testng.FeatureWrapper)[pri:0, instance:Runner.testRunner@77f1baf5]" started-at="2025-01-22T18:23:18 IST" name="runScenario" description="Runs Cucumber Scenarios" data-provider="scenarios" finished-at="2025-01-22T18:23:31 IST" duration-ms="13521" status="PASS">
          <params>
            <param index="0">
              <value>
                <![CDATA["Update App links"]]>
              </value>
            </param>
            <param index="1">
              <value>
                <![CDATA["Settings Module Operations in General settings Module"]]>
              </value>
            </param>
          </params>
          <reporter-output>
          </reporter-output>
        </test-method> <!-- runScenario -->
        <test-method is-config="true" signature="afterSuite()[pri:0, instance:Runner.testRunner@77f1baf5]" started-at="2025-01-22T18:23:31 IST" name="afterSuite" finished-at="2025-01-22T18:23:32 IST" duration-ms="344" status="PASS">
          <reporter-output>
          </reporter-output>
        </test-method> <!-- afterSuite -->
        <test-method is-config="true" signature="CreateDriver()[pri:0, instance:Runner.testRunner@77f1baf5]" started-at="2025-01-22T18:23:32 IST" name="CreateDriver" finished-at="2025-01-22T18:23:37 IST" duration-ms="5405" status="PASS">
          <reporter-output>
          </reporter-output>
        </test-method> <!-- CreateDriver -->
        <test-method signature="runScenario(io.cucumber.testng.PickleWrapper,io.cucumber.testng.FeatureWrapper)[pri:0, instance:Runner.testRunner@77f1baf5]" started-at="2025-01-22T18:23:37 IST" name="runScenario" description="Runs Cucumber Scenarios" data-provider="scenarios" finished-at="2025-01-22T18:23:50 IST" duration-ms="13301" status="PASS">
          <params>
            <param index="0">
              <value>
                <![CDATA["Update versions"]]>
              </value>
            </param>
            <param index="1">
              <value>
                <![CDATA["Settings Module Operations in General settings Module"]]>
              </value>
            </param>
          </params>
          <reporter-output>
          </reporter-output>
        </test-method> <!-- runScenario -->
        <test-method is-config="true" signature="afterSuite()[pri:0, instance:Runner.testRunner@77f1baf5]" started-at="2025-01-22T18:23:50 IST" name="afterSuite" finished-at="2025-01-22T18:23:51 IST" duration-ms="213" status="PASS">
          <reporter-output>
          </reporter-output>
        </test-method> <!-- afterSuite -->
        <test-method is-config="true" signature="tearDownClass()[pri:0, instance:Runner.testRunner@77f1baf5]" started-at="2025-01-22T18:23:51 IST" name="tearDownClass" finished-at="2025-01-22T18:23:57 IST" duration-ms="6607" status="PASS">
          <reporter-output>
          </reporter-output>
        </test-method> <!-- tearDownClass -->
      </class> <!-- Runner.testRunner -->
    </test> <!-- Default test -->
  </suite> <!-- Default suite -->
</testng-results>
