<?xml version="1.0" encoding="UTF-8"?>
<testng-results ignored="0" total="1" passed="1" failed="0" skipped="0">
  <reporter-output>
  </reporter-output>
  <suite started-at="2025-01-24T12:53:33 IST" name="Default suite" finished-at="2025-01-24T12:54:03 IST" duration-ms="29616">
    <groups>
      <group name="cucumber">
        <method signature="CutomizeTestNGCucmberRunner.runScenario(io.cucumber.testng.PickleWrapper,io.cucumber.testng.FeatureWrapper)[pri:0, instance:Runner.testRunner@53fb3dab]" name="runScenario" class="Base.CutomizeTestNGCucmberRunner"/>
      </group> <!-- cucumber -->
    </groups>
    <test started-at="2025-01-24T12:53:33 IST" name="Default test" finished-at="2025-01-24T12:54:03 IST" duration-ms="29616">
      <class name="Runner.testRunner">
        <test-method is-config="true" signature="setUpClass()[pri:0, instance:Runner.testRunner@53fb3dab]" started-at="2025-01-24T12:53:33 IST" name="setUpClass" finished-at="2025-01-24T12:53:34 IST" duration-ms="932" status="PASS">
          <reporter-output>
          </reporter-output>
        </test-method> <!-- setUpClass -->
        <test-method is-config="true" signature="CreateDriver()[pri:0, instance:Runner.testRunner@53fb3dab]" started-at="2025-01-24T12:53:34 IST" name="CreateDriver" finished-at="2025-01-24T12:53:37 IST" duration-ms="2802" status="PASS">
          <reporter-output>
          </reporter-output>
        </test-method> <!-- CreateDriver -->
        <test-method signature="runScenario(io.cucumber.testng.PickleWrapper,io.cucumber.testng.FeatureWrapper)[pri:0, instance:Runner.testRunner@53fb3dab]" started-at="2025-01-24T12:53:37 IST" name="runScenario" description="Runs Cucumber Scenarios" data-provider="scenarios" finished-at="2025-01-24T12:53:58 IST" duration-ms="20891" status="PASS">
          <params>
            <param index="0">
              <value>
                <![CDATA["Filter Depositors Leaderboard module operation"]]>
              </value>
            </param>
            <param index="1">
              <value>
                <![CDATA["Depositors Leaderboard module operations in Leaderboard  module"]]>
              </value>
            </param>
          </params>
          <reporter-output>
          </reporter-output>
        </test-method> <!-- runScenario -->
        <test-method is-config="true" signature="afterSuite()[pri:0, instance:Runner.testRunner@53fb3dab]" started-at="2025-01-24T12:53:58 IST" name="afterSuite" finished-at="2025-01-24T12:53:58 IST" duration-ms="220" status="PASS">
          <reporter-output>
          </reporter-output>
        </test-method> <!-- afterSuite -->
        <test-method is-config="true" signature="tearDownClass()[pri:0, instance:Runner.testRunner@53fb3dab]" started-at="2025-01-24T12:53:58 IST" name="tearDownClass" finished-at="2025-01-24T12:54:03 IST" duration-ms="4740" status="PASS">
          <reporter-output>
          </reporter-output>
        </test-method> <!-- tearDownClass -->
      </class> <!-- Runner.testRunner -->
    </test> <!-- Default test -->
  </suite> <!-- Default suite -->
</testng-results>
