<?xml version="1.0" encoding="UTF-8"?>
<testng-results ignored="0" total="2" passed="2" failed="0" skipped="0">
  <reporter-output>
  </reporter-output>
  <suite started-at="2025-01-28T17:47:45 IST" name="Default suite" finished-at="2025-01-28T17:48:15 IST" duration-ms="30278">
    <groups>
      <group name="cucumber">
        <method signature="CutomizeTestNGCucmberRunner.runScenario(io.cucumber.testng.PickleWrapper,io.cucumber.testng.FeatureWrapper)[pri:0, instance:Runner.testRunner@53fb3dab]" name="runScenario" class="Base.CutomizeTestNGCucmberRunner"/>
      </group> <!-- cucumber -->
    </groups>
    <test started-at="2025-01-28T17:47:45 IST" name="Default test" finished-at="2025-01-28T17:48:15 IST" duration-ms="30278">
      <class name="Runner.testRunner">
        <test-method is-config="true" signature="setUpClass()[pri:0, instance:Runner.testRunner@53fb3dab]" started-at="2025-01-28T17:47:45 IST" name="setUpClass" finished-at="2025-01-28T17:47:46 IST" duration-ms="895" status="PASS">
          <reporter-output>
          </reporter-output>
        </test-method> <!-- setUpClass -->
        <test-method is-config="true" signature="CreateDriver()[pri:0, instance:Runner.testRunner@53fb3dab]" started-at="2025-01-28T17:47:46 IST" name="CreateDriver" finished-at="2025-01-28T17:47:49 IST" duration-ms="2915" status="PASS">
          <reporter-output>
          </reporter-output>
        </test-method> <!-- CreateDriver -->
        <test-method signature="runScenario(io.cucumber.testng.PickleWrapper,io.cucumber.testng.FeatureWrapper)[pri:0, instance:Runner.testRunner@53fb3dab]" started-at="2025-01-28T17:47:49 IST" name="runScenario" description="Runs Cucumber Scenarios" data-provider="scenarios" finished-at="2025-01-28T17:47:56 IST" duration-ms="7536" status="PASS">
          <params>
            <param index="0">
              <value>
                <![CDATA["View Financial Transaction Details"]]>
              </value>
            </param>
            <param index="1">
              <value>
                <![CDATA["Financial Transaction Module Operations in Finance ERP Module"]]>
              </value>
            </param>
          </params>
          <reporter-output>
          </reporter-output>
        </test-method> <!-- runScenario -->
        <test-method is-config="true" signature="afterSuite()[pri:0, instance:Runner.testRunner@53fb3dab]" started-at="2025-01-28T17:47:56 IST" name="afterSuite" finished-at="2025-01-28T17:47:57 IST" duration-ms="197" status="PASS">
          <reporter-output>
          </reporter-output>
        </test-method> <!-- afterSuite -->
        <test-method is-config="true" signature="CreateDriver()[pri:0, instance:Runner.testRunner@53fb3dab]" started-at="2025-01-28T17:47:57 IST" name="CreateDriver" finished-at="2025-01-28T17:47:59 IST" duration-ms="2044" status="PASS">
          <reporter-output>
          </reporter-output>
        </test-method> <!-- CreateDriver -->
        <test-method signature="runScenario(io.cucumber.testng.PickleWrapper,io.cucumber.testng.FeatureWrapper)[pri:0, instance:Runner.testRunner@53fb3dab]" started-at="2025-01-28T17:47:59 IST" name="runScenario" description="Runs Cucumber Scenarios" data-provider="scenarios" finished-at="2025-01-28T17:48:11 IST" duration-ms="11998" status="PASS">
          <params>
            <param index="0">
              <value>
                <![CDATA["Filter Financial Transaction details"]]>
              </value>
            </param>
            <param index="1">
              <value>
                <![CDATA["Financial Transaction Module Operations in Finance ERP Module"]]>
              </value>
            </param>
          </params>
          <reporter-output>
          </reporter-output>
        </test-method> <!-- runScenario -->
        <test-method is-config="true" signature="afterSuite()[pri:0, instance:Runner.testRunner@53fb3dab]" started-at="2025-01-28T17:48:11 IST" name="afterSuite" finished-at="2025-01-28T17:48:11 IST" duration-ms="204" status="PASS">
          <reporter-output>
          </reporter-output>
        </test-method> <!-- afterSuite -->
        <test-method is-config="true" signature="tearDownClass()[pri:0, instance:Runner.testRunner@53fb3dab]" started-at="2025-01-28T17:48:11 IST" name="tearDownClass" finished-at="2025-01-28T17:48:15 IST" duration-ms="4459" status="PASS">
          <reporter-output>
          </reporter-output>
        </test-method> <!-- tearDownClass -->
      </class> <!-- Runner.testRunner -->
    </test> <!-- Default test -->
  </suite> <!-- Default suite -->
</testng-results>
