<?xml version="1.0" encoding="UTF-8"?>
<testng-results ignored="0" total="6" passed="6" failed="0" skipped="0">
  <reporter-output>
  </reporter-output>
  <suite started-at="2025-01-23T15:27:32 IST" name="Default suite" finished-at="2025-01-23T15:29:35 IST" duration-ms="122956">
    <groups>
      <group name="cucumber">
        <method signature="CutomizeTestNGCucmberRunner.runScenario(io.cucumber.testng.PickleWrapper,io.cucumber.testng.FeatureWrapper)[pri:0, instance:Runner.testRunner@77f1baf5]" name="runScenario" class="Base.CutomizeTestNGCucmberRunner"/>
      </group> <!-- cucumber -->
    </groups>
    <test started-at="2025-01-23T15:27:32 IST" name="Default test" finished-at="2025-01-23T15:29:35 IST" duration-ms="122956">
      <class name="Runner.testRunner">
        <test-method is-config="true" signature="setUpClass()[pri:0, instance:Runner.testRunner@77f1baf5]" started-at="2025-01-23T15:27:32 IST" name="setUpClass" finished-at="2025-01-23T15:27:33 IST" duration-ms="1061" status="PASS">
          <reporter-output>
          </reporter-output>
        </test-method> <!-- setUpClass -->
        <test-method is-config="true" signature="CreateDriver()[pri:0, instance:Runner.testRunner@77f1baf5]" started-at="2025-01-23T15:27:33 IST" name="CreateDriver" finished-at="2025-01-23T15:27:39 IST" duration-ms="6118" status="PASS">
          <reporter-output>
          </reporter-output>
        </test-method> <!-- CreateDriver -->
        <test-method signature="runScenario(io.cucumber.testng.PickleWrapper,io.cucumber.testng.FeatureWrapper)[pri:0, instance:Runner.testRunner@77f1baf5]" started-at="2025-01-23T15:27:39 IST" name="runScenario" description="Runs Cucumber Scenarios" data-provider="scenarios" finished-at="2025-01-23T15:27:53 IST" duration-ms="13754" status="PASS">
          <params>
            <param index="0">
              <value>
                <![CDATA["Feeds details operation"]]>
              </value>
            </param>
            <param index="1">
              <value>
                <![CDATA["Application Settingsmodule operations in General Settings module"]]>
              </value>
            </param>
          </params>
          <reporter-output>
          </reporter-output>
        </test-method> <!-- runScenario -->
        <test-method is-config="true" signature="afterSuite()[pri:0, instance:Runner.testRunner@77f1baf5]" started-at="2025-01-23T15:27:53 IST" name="afterSuite" finished-at="2025-01-23T15:27:53 IST" duration-ms="201" status="PASS">
          <reporter-output>
          </reporter-output>
        </test-method> <!-- afterSuite -->
        <test-method is-config="true" signature="CreateDriver()[pri:0, instance:Runner.testRunner@77f1baf5]" started-at="2025-01-23T15:27:53 IST" name="CreateDriver" finished-at="2025-01-23T15:27:59 IST" duration-ms="5340" status="PASS">
          <reporter-output>
          </reporter-output>
        </test-method> <!-- CreateDriver -->
        <test-method signature="runScenario(io.cucumber.testng.PickleWrapper,io.cucumber.testng.FeatureWrapper)[pri:0, instance:Runner.testRunner@77f1baf5]" started-at="2025-01-23T15:27:59 IST" name="runScenario" description="Runs Cucumber Scenarios" data-provider="scenarios" finished-at="2025-01-23T15:28:12 IST" duration-ms="13096" status="PASS">
          <params>
            <param index="0">
              <value>
                <![CDATA["Runs details operation"]]>
              </value>
            </param>
            <param index="1">
              <value>
                <![CDATA["Application Settingsmodule operations in General Settings module"]]>
              </value>
            </param>
          </params>
          <reporter-output>
          </reporter-output>
        </test-method> <!-- runScenario -->
        <test-method is-config="true" signature="afterSuite()[pri:0, instance:Runner.testRunner@77f1baf5]" started-at="2025-01-23T15:28:12 IST" name="afterSuite" finished-at="2025-01-23T15:28:12 IST" duration-ms="210" status="PASS">
          <reporter-output>
          </reporter-output>
        </test-method> <!-- afterSuite -->
        <test-method is-config="true" signature="CreateDriver()[pri:0, instance:Runner.testRunner@77f1baf5]" started-at="2025-01-23T15:28:12 IST" name="CreateDriver" finished-at="2025-01-23T15:28:17 IST" duration-ms="5195" status="PASS">
          <reporter-output>
          </reporter-output>
        </test-method> <!-- CreateDriver -->
        <test-method signature="runScenario(io.cucumber.testng.PickleWrapper,io.cucumber.testng.FeatureWrapper)[pri:0, instance:Runner.testRunner@77f1baf5]" started-at="2025-01-23T15:28:17 IST" name="runScenario" description="Runs Cucumber Scenarios" data-provider="scenarios" finished-at="2025-01-23T15:28:31 IST" duration-ms="13547" status="PASS">
          <params>
            <param index="0">
              <value>
                <![CDATA["Play More Multiplier details operation"]]>
              </value>
            </param>
            <param index="1">
              <value>
                <![CDATA["Application Settingsmodule operations in General Settings module"]]>
              </value>
            </param>
          </params>
          <reporter-output>
          </reporter-output>
        </test-method> <!-- runScenario -->
        <test-method is-config="true" signature="afterSuite()[pri:0, instance:Runner.testRunner@77f1baf5]" started-at="2025-01-23T15:28:31 IST" name="afterSuite" finished-at="2025-01-23T15:28:31 IST" duration-ms="371" status="PASS">
          <reporter-output>
          </reporter-output>
        </test-method> <!-- afterSuite -->
        <test-method is-config="true" signature="CreateDriver()[pri:0, instance:Runner.testRunner@77f1baf5]" started-at="2025-01-23T15:28:31 IST" name="CreateDriver" finished-at="2025-01-23T15:28:37 IST" duration-ms="5478" status="PASS">
          <reporter-output>
          </reporter-output>
        </test-method> <!-- CreateDriver -->
        <test-method signature="runScenario(io.cucumber.testng.PickleWrapper,io.cucumber.testng.FeatureWrapper)[pri:0, instance:Runner.testRunner@77f1baf5]" started-at="2025-01-23T15:28:37 IST" name="runScenario" description="Runs Cucumber Scenarios" data-provider="scenarios" finished-at="2025-01-23T15:28:51 IST" duration-ms="14146" status="PASS">
          <params>
            <param index="0">
              <value>
                <![CDATA["Referrals details operation"]]>
              </value>
            </param>
            <param index="1">
              <value>
                <![CDATA["Application Settingsmodule operations in General Settings module"]]>
              </value>
            </param>
          </params>
          <reporter-output>
          </reporter-output>
        </test-method> <!-- runScenario -->
        <test-method is-config="true" signature="afterSuite()[pri:0, instance:Runner.testRunner@77f1baf5]" started-at="2025-01-23T15:28:51 IST" name="afterSuite" finished-at="2025-01-23T15:28:51 IST" duration-ms="480" status="PASS">
          <reporter-output>
          </reporter-output>
        </test-method> <!-- afterSuite -->
        <test-method is-config="true" signature="CreateDriver()[pri:0, instance:Runner.testRunner@77f1baf5]" started-at="2025-01-23T15:28:51 IST" name="CreateDriver" finished-at="2025-01-23T15:28:56 IST" duration-ms="5042" status="PASS">
          <reporter-output>
          </reporter-output>
        </test-method> <!-- CreateDriver -->
        <test-method signature="runScenario(io.cucumber.testng.PickleWrapper,io.cucumber.testng.FeatureWrapper)[pri:0, instance:Runner.testRunner@77f1baf5]" started-at="2025-01-23T15:28:56 IST" name="runScenario" description="Runs Cucumber Scenarios" data-provider="scenarios" finished-at="2025-01-23T15:29:09 IST" duration-ms="12940" status="PASS">
          <params>
            <param index="0">
              <value>
                <![CDATA["Referrals duplicate operation"]]>
              </value>
            </param>
            <param index="1">
              <value>
                <![CDATA["Application Settingsmodule operations in General Settings module"]]>
              </value>
            </param>
          </params>
          <reporter-output>
          </reporter-output>
        </test-method> <!-- runScenario -->
        <test-method is-config="true" signature="afterSuite()[pri:0, instance:Runner.testRunner@77f1baf5]" started-at="2025-01-23T15:29:09 IST" name="afterSuite" finished-at="2025-01-23T15:29:10 IST" duration-ms="337" status="PASS">
          <reporter-output>
          </reporter-output>
        </test-method> <!-- afterSuite -->
        <test-method is-config="true" signature="CreateDriver()[pri:0, instance:Runner.testRunner@77f1baf5]" started-at="2025-01-23T15:29:10 IST" name="CreateDriver" finished-at="2025-01-23T15:29:15 IST" duration-ms="5438" status="PASS">
          <reporter-output>
          </reporter-output>
        </test-method> <!-- CreateDriver -->
        <test-method signature="runScenario(io.cucumber.testng.PickleWrapper,io.cucumber.testng.FeatureWrapper)[pri:0, instance:Runner.testRunner@77f1baf5]" started-at="2025-01-23T15:29:15 IST" name="runScenario" description="Runs Cucumber Scenarios" data-provider="scenarios" finished-at="2025-01-23T15:29:28 IST" duration-ms="13489" status="PASS">
          <params>
            <param index="0">
              <value>
                <![CDATA["SignUp details operation"]]>
              </value>
            </param>
            <param index="1">
              <value>
                <![CDATA["Application Settingsmodule operations in General Settings module"]]>
              </value>
            </param>
          </params>
          <reporter-output>
          </reporter-output>
        </test-method> <!-- runScenario -->
        <test-method is-config="true" signature="afterSuite()[pri:0, instance:Runner.testRunner@77f1baf5]" started-at="2025-01-23T15:29:28 IST" name="afterSuite" finished-at="2025-01-23T15:29:29 IST" duration-ms="239" status="PASS">
          <reporter-output>
          </reporter-output>
        </test-method> <!-- afterSuite -->
        <test-method is-config="true" signature="tearDownClass()[pri:0, instance:Runner.testRunner@77f1baf5]" started-at="2025-01-23T15:29:29 IST" name="tearDownClass" finished-at="2025-01-23T15:29:35 IST" duration-ms="6414" status="PASS">
          <reporter-output>
          </reporter-output>
        </test-method> <!-- tearDownClass -->
      </class> <!-- Runner.testRunner -->
    </test> <!-- Default test -->
  </suite> <!-- Default suite -->
</testng-results>
