<?xml version="1.0" encoding="UTF-8"?>
<testng-results ignored="0" total="1" passed="1" failed="0" skipped="0">
  <reporter-output>
  </reporter-output>
  <suite started-at="2025-01-28T12:48:31 IST" name="Default suite" finished-at="2025-01-28T12:48:51 IST" duration-ms="20195">
    <groups>
      <group name="cucumber">
        <method signature="CutomizeTestNGCucmberRunner.runScenario(io.cucumber.testng.PickleWrapper,io.cucumber.testng.FeatureWrapper)[pri:0, instance:Runner.testRunner@53fb3dab]" name="runScenario" class="Base.CutomizeTestNGCucmberRunner"/>
      </group> <!-- cucumber -->
    </groups>
    <test started-at="2025-01-28T12:48:31 IST" name="Default test" finished-at="2025-01-28T12:48:51 IST" duration-ms="20195">
      <class name="Runner.testRunner">
        <test-method is-config="true" signature="setUpClass()[pri:0, instance:Runner.testRunner@53fb3dab]" started-at="2025-01-28T12:48:31 IST" name="setUpClass" finished-at="2025-01-28T12:48:32 IST" duration-ms="922" status="PASS">
          <reporter-output>
          </reporter-output>
        </test-method> <!-- setUpClass -->
        <test-method is-config="true" signature="CreateDriver()[pri:0, instance:Runner.testRunner@53fb3dab]" started-at="2025-01-28T12:48:32 IST" name="CreateDriver" finished-at="2025-01-28T12:48:35 IST" duration-ms="2784" status="PASS">
          <reporter-output>
          </reporter-output>
        </test-method> <!-- CreateDriver -->
        <test-method signature="runScenario(io.cucumber.testng.PickleWrapper,io.cucumber.testng.FeatureWrapper)[pri:0, instance:Runner.testRunner@53fb3dab]" started-at="2025-01-28T12:48:35 IST" name="runScenario" description="Runs Cucumber Scenarios" data-provider="scenarios" finished-at="2025-01-28T12:48:47 IST" duration-ms="12581" status="PASS">
          <params>
            <param index="0">
              <value>
                <![CDATA["Filter global leaderboard data"]]>
              </value>
            </param>
            <param index="1">
              <value>
                <![CDATA["Global Leaderboard module operations in Leaderboard  module"]]>
              </value>
            </param>
          </params>
          <reporter-output>
          </reporter-output>
        </test-method> <!-- runScenario -->
        <test-method is-config="true" signature="afterSuite()[pri:0, instance:Runner.testRunner@53fb3dab]" started-at="2025-01-28T12:48:47 IST" name="afterSuite" finished-at="2025-01-28T12:48:47 IST" duration-ms="204" status="PASS">
          <reporter-output>
          </reporter-output>
        </test-method> <!-- afterSuite -->
        <test-method is-config="true" signature="tearDownClass()[pri:0, instance:Runner.testRunner@53fb3dab]" started-at="2025-01-28T12:48:47 IST" name="tearDownClass" finished-at="2025-01-28T12:48:51 IST" duration-ms="3674" status="PASS">
          <reporter-output>
          </reporter-output>
        </test-method> <!-- tearDownClass -->
      </class> <!-- Runner.testRunner -->
    </test> <!-- Default test -->
  </suite> <!-- Default suite -->
</testng-results>
