<?xml version="1.0" encoding="UTF-8"?>
<testng-results ignored="0" total="1" passed="1" failed="0" skipped="0">
  <reporter-output>
  </reporter-output>
  <suite started-at="2025-01-20T17:48:32 IST" name="Default suite" finished-at="2025-01-20T17:49:05 IST" duration-ms="32871">
    <groups>
      <group name="cucumber">
        <method signature="CutomizeTestNGCucmberRunner.runScenario(io.cucumber.testng.PickleWrapper,io.cucumber.testng.FeatureWrapper)[pri:0, instance:Runner.testRunner@75d4a5c2]" name="runScenario" class="Base.CutomizeTestNGCucmberRunner"/>
      </group> <!-- cucumber -->
    </groups>
    <test started-at="2025-01-20T17:48:32 IST" name="Default test" finished-at="2025-01-20T17:49:05 IST" duration-ms="32871">
      <class name="Runner.testRunner">
        <test-method is-config="true" signature="setUpClass()[pri:0, instance:Runner.testRunner@75d4a5c2]" started-at="2025-01-20T17:48:32 IST" name="setUpClass" finished-at="2025-01-20T17:48:33 IST" duration-ms="695" status="PASS">
          <reporter-output>
          </reporter-output>
        </test-method> <!-- setUpClass -->
        <test-method is-config="true" signature="CreateDriver()[pri:0, instance:Runner.testRunner@75d4a5c2]" started-at="2025-01-20T17:48:33 IST" name="CreateDriver" finished-at="2025-01-20T17:48:39 IST" duration-ms="6180" status="PASS">
          <reporter-output>
          </reporter-output>
        </test-method> <!-- CreateDriver -->
        <test-method signature="runScenario(io.cucumber.testng.PickleWrapper,io.cucumber.testng.FeatureWrapper)[pri:0, instance:Runner.testRunner@75d4a5c2]" started-at="2025-01-20T17:48:39 IST" name="runScenario" description="Runs Cucumber Scenarios" data-provider="scenarios" finished-at="2025-01-20T17:48:59 IST" duration-ms="20088" status="PASS">
          <params>
            <param index="0">
              <value>
                <![CDATA["Verify that the filter displays only Inactive status"]]>
              </value>
            </param>
            <param index="1">
              <value>
                <![CDATA["General Settings Module Operations in avatar Module"]]>
              </value>
            </param>
          </params>
          <reporter-output>
          </reporter-output>
        </test-method> <!-- runScenario -->
        <test-method is-config="true" signature="afterSuite()[pri:0, instance:Runner.testRunner@75d4a5c2]" started-at="2025-01-20T17:48:59 IST" name="afterSuite" finished-at="2025-01-20T17:48:59 IST" duration-ms="347" status="PASS">
          <reporter-output>
          </reporter-output>
        </test-method> <!-- afterSuite -->
        <test-method is-config="true" signature="tearDownClass()[pri:0, instance:Runner.testRunner@75d4a5c2]" started-at="2025-01-20T17:48:59 IST" name="tearDownClass" finished-at="2025-01-20T17:49:05 IST" duration-ms="5518" status="PASS">
          <reporter-output>
          </reporter-output>
        </test-method> <!-- tearDownClass -->
      </class> <!-- Runner.testRunner -->
    </test> <!-- Default test -->
  </suite> <!-- Default suite -->
</testng-results>
