<?xml version="1.0" encoding="UTF-8"?>
<testng-results ignored="0" total="6" passed="6" failed="0" skipped="0">
  <reporter-output>
  </reporter-output>
  <suite started-at="2025-01-23T17:14:36 IST" name="Default suite" finished-at="2025-01-23T17:16:22 IST" duration-ms="106488">
    <groups>
      <group name="cucumber">
        <method signature="CutomizeTestNGCucmberRunner.runScenario(io.cucumber.testng.PickleWrapper,io.cucumber.testng.FeatureWrapper)[pri:0, instance:Runner.testRunner@77f1baf5]" name="runScenario" class="Base.CutomizeTestNGCucmberRunner"/>
      </group> <!-- cucumber -->
    </groups>
    <test started-at="2025-01-23T17:14:36 IST" name="Default test" finished-at="2025-01-23T17:16:22 IST" duration-ms="106488">
      <class name="Runner.testRunner">
        <test-method is-config="true" signature="setUpClass()[pri:0, instance:Runner.testRunner@77f1baf5]" started-at="2025-01-23T17:14:36 IST" name="setUpClass" finished-at="2025-01-23T17:14:37 IST" duration-ms="1084" status="PASS">
          <reporter-output>
          </reporter-output>
        </test-method> <!-- setUpClass -->
        <test-method is-config="true" signature="CreateDriver()[pri:0, instance:Runner.testRunner@77f1baf5]" started-at="2025-01-23T17:14:37 IST" name="CreateDriver" finished-at="2025-01-23T17:14:43 IST" duration-ms="6185" status="PASS">
          <reporter-output>
          </reporter-output>
        </test-method> <!-- CreateDriver -->
        <test-method signature="runScenario(io.cucumber.testng.PickleWrapper,io.cucumber.testng.FeatureWrapper)[pri:0, instance:Runner.testRunner@77f1baf5]" started-at="2025-01-23T17:14:43 IST" name="runScenario" description="Runs Cucumber Scenarios" data-provider="scenarios" finished-at="2025-01-23T17:14:57 IST" duration-ms="14513" status="PASS">
          <params>
            <param index="0">
              <value>
                <![CDATA["Add Role with valid details"]]>
              </value>
            </param>
            <param index="1">
              <value>
                <![CDATA["Manage Roles Module Operations in Staff Module"]]>
              </value>
            </param>
          </params>
          <reporter-output>
          </reporter-output>
        </test-method> <!-- runScenario -->
        <test-method is-config="true" signature="afterSuite()[pri:0, instance:Runner.testRunner@77f1baf5]" started-at="2025-01-23T17:14:57 IST" name="afterSuite" finished-at="2025-01-23T17:14:58 IST" duration-ms="254" status="PASS">
          <reporter-output>
          </reporter-output>
        </test-method> <!-- afterSuite -->
        <test-method is-config="true" signature="CreateDriver()[pri:0, instance:Runner.testRunner@77f1baf5]" started-at="2025-01-23T17:14:58 IST" name="CreateDriver" finished-at="2025-01-23T17:15:02 IST" duration-ms="4703" status="PASS">
          <reporter-output>
          </reporter-output>
        </test-method> <!-- CreateDriver -->
        <test-method signature="runScenario(io.cucumber.testng.PickleWrapper,io.cucumber.testng.FeatureWrapper)[pri:0, instance:Runner.testRunner@77f1baf5]" started-at="2025-01-23T17:15:02 IST" name="runScenario" description="Runs Cucumber Scenarios" data-provider="scenarios" finished-at="2025-01-23T17:15:17 IST" duration-ms="14257" status="PASS">
          <params>
            <param index="0">
              <value>
                <![CDATA["Duplicate Staff Role validation message"]]>
              </value>
            </param>
            <param index="1">
              <value>
                <![CDATA["Manage Roles Module Operations in Staff Module"]]>
              </value>
            </param>
          </params>
          <reporter-output>
          </reporter-output>
        </test-method> <!-- runScenario -->
        <test-method is-config="true" signature="afterSuite()[pri:0, instance:Runner.testRunner@77f1baf5]" started-at="2025-01-23T17:15:17 IST" name="afterSuite" finished-at="2025-01-23T17:15:17 IST" duration-ms="207" status="PASS">
          <reporter-output>
          </reporter-output>
        </test-method> <!-- afterSuite -->
        <test-method is-config="true" signature="CreateDriver()[pri:0, instance:Runner.testRunner@77f1baf5]" started-at="2025-01-23T17:15:17 IST" name="CreateDriver" finished-at="2025-01-23T17:15:22 IST" duration-ms="5145" status="PASS">
          <reporter-output>
          </reporter-output>
        </test-method> <!-- CreateDriver -->
        <test-method signature="runScenario(io.cucumber.testng.PickleWrapper,io.cucumber.testng.FeatureWrapper)[pri:0, instance:Runner.testRunner@77f1baf5]" started-at="2025-01-23T17:15:22 IST" name="runScenario" description="Runs Cucumber Scenarios" data-provider="scenarios" finished-at="2025-01-23T17:15:31 IST" duration-ms="9260" status="PASS">
          <params>
            <param index="0">
              <value>
                <![CDATA["Role name and description Error message Validation"]]>
              </value>
            </param>
            <param index="1">
              <value>
                <![CDATA["Manage Roles Module Operations in Staff Module"]]>
              </value>
            </param>
          </params>
          <reporter-output>
          </reporter-output>
        </test-method> <!-- runScenario -->
        <test-method is-config="true" signature="afterSuite()[pri:0, instance:Runner.testRunner@77f1baf5]" started-at="2025-01-23T17:15:31 IST" name="afterSuite" finished-at="2025-01-23T17:15:31 IST" duration-ms="216" status="PASS">
          <reporter-output>
          </reporter-output>
        </test-method> <!-- afterSuite -->
        <test-method is-config="true" signature="CreateDriver()[pri:0, instance:Runner.testRunner@77f1baf5]" started-at="2025-01-23T17:15:31 IST" name="CreateDriver" finished-at="2025-01-23T17:15:36 IST" duration-ms="5000" status="PASS">
          <reporter-output>
          </reporter-output>
        </test-method> <!-- CreateDriver -->
        <test-method signature="runScenario(io.cucumber.testng.PickleWrapper,io.cucumber.testng.FeatureWrapper)[pri:0, instance:Runner.testRunner@77f1baf5]" started-at="2025-01-23T17:15:36 IST" name="runScenario" description="Runs Cucumber Scenarios" data-provider="scenarios" finished-at="2025-01-23T17:15:48 IST" duration-ms="11515" status="PASS">
          <params>
            <param index="0">
              <value>
                <![CDATA["Role permission Error message Validation"]]>
              </value>
            </param>
            <param index="1">
              <value>
                <![CDATA["Manage Roles Module Operations in Staff Module"]]>
              </value>
            </param>
          </params>
          <reporter-output>
          </reporter-output>
        </test-method> <!-- runScenario -->
        <test-method is-config="true" signature="afterSuite()[pri:0, instance:Runner.testRunner@77f1baf5]" started-at="2025-01-23T17:15:48 IST" name="afterSuite" finished-at="2025-01-23T17:15:48 IST" duration-ms="390" status="PASS">
          <reporter-output>
          </reporter-output>
        </test-method> <!-- afterSuite -->
        <test-method is-config="true" signature="CreateDriver()[pri:0, instance:Runner.testRunner@77f1baf5]" started-at="2025-01-23T17:15:48 IST" name="CreateDriver" finished-at="2025-01-23T17:15:53 IST" duration-ms="5146" status="PASS">
          <reporter-output>
          </reporter-output>
        </test-method> <!-- CreateDriver -->
        <test-method signature="runScenario(io.cucumber.testng.PickleWrapper,io.cucumber.testng.FeatureWrapper)[pri:0, instance:Runner.testRunner@77f1baf5]" started-at="2025-01-23T17:15:53 IST" name="runScenario" description="Runs Cucumber Scenarios" data-provider="scenarios" finished-at="2025-01-23T17:16:04 IST" duration-ms="10037" status="PASS">
          <params>
            <param index="0">
              <value>
                <![CDATA["Role name update"]]>
              </value>
            </param>
            <param index="1">
              <value>
                <![CDATA["Manage Roles Module Operations in Staff Module"]]>
              </value>
            </param>
          </params>
          <reporter-output>
          </reporter-output>
        </test-method> <!-- runScenario -->
        <test-method is-config="true" signature="afterSuite()[pri:0, instance:Runner.testRunner@77f1baf5]" started-at="2025-01-23T17:16:04 IST" name="afterSuite" finished-at="2025-01-23T17:16:04 IST" duration-ms="211" status="PASS">
          <reporter-output>
          </reporter-output>
        </test-method> <!-- afterSuite -->
        <test-method is-config="true" signature="CreateDriver()[pri:0, instance:Runner.testRunner@77f1baf5]" started-at="2025-01-23T17:16:04 IST" name="CreateDriver" finished-at="2025-01-23T17:16:09 IST" duration-ms="5383" status="PASS">
          <reporter-output>
          </reporter-output>
        </test-method> <!-- CreateDriver -->
        <test-method signature="runScenario(io.cucumber.testng.PickleWrapper,io.cucumber.testng.FeatureWrapper)[pri:0, instance:Runner.testRunner@77f1baf5]" started-at="2025-01-23T17:16:09 IST" name="runScenario" description="Runs Cucumber Scenarios" data-provider="scenarios" finished-at="2025-01-23T17:16:16 IST" duration-ms="6479" status="PASS">
          <params>
            <param index="0">
              <value>
                <![CDATA["Filter role operation"]]>
              </value>
            </param>
            <param index="1">
              <value>
                <![CDATA["Manage Roles Module Operations in Staff Module"]]>
              </value>
            </param>
          </params>
          <reporter-output>
          </reporter-output>
        </test-method> <!-- runScenario -->
        <test-method is-config="true" signature="afterSuite()[pri:0, instance:Runner.testRunner@77f1baf5]" started-at="2025-01-23T17:16:16 IST" name="afterSuite" finished-at="2025-01-23T17:16:16 IST" duration-ms="182" status="PASS">
          <reporter-output>
          </reporter-output>
        </test-method> <!-- afterSuite -->
        <test-method is-config="true" signature="tearDownClass()[pri:0, instance:Runner.testRunner@77f1baf5]" started-at="2025-01-23T17:16:16 IST" name="tearDownClass" finished-at="2025-01-23T17:16:22 IST" duration-ms="6270" status="PASS">
          <reporter-output>
          </reporter-output>
        </test-method> <!-- tearDownClass -->
      </class> <!-- Runner.testRunner -->
    </test> <!-- Default test -->
  </suite> <!-- Default suite -->
</testng-results>
