<?xml version="1.0" encoding="UTF-8"?>
<!-- Generated by org.testng.reporters.JUnitReportReporter -->
<testsuite hostname="Rajrane" failures="0" tests="9" name="Runner.testRunner" time="166.210" errors="2" timestamp="2025-01-17T14:49:38 IST" skipped="0">
  <testcase classname="Runner.testRunner" name="runScenario" time="20.475"/>
  <system-out/>
  <testcase classname="Runner.testRunner" name="runScenario" time="21.834"/>
  <system-out/>
  <testcase classname="Runner.testRunner" name="runScenario" time="12.357"/>
  <system-out/>
  <testcase classname="Runner.testRunner" name="runScenario" time="25.518">
    <error message="no such element: Unable to locate element: {&quot;method&quot;:&quot;xpath&quot;,&quot;selector&quot;:&quot;//p[.=&quot;Invalid Url Passed&quot;]&quot;}
  (Session info: chrome=131.0.6778.266)
For documentation on this error, please visit: https://www.selenium.dev/documentation/webdriver/troubleshooting/errors#no-such-element-exception
Build info: version: &#039;4.26.0&#039;, revision: &#039;8ccf0219d7&#039;
System info: os.name: &#039;Windows 11&#039;, os.arch: &#039;amd64&#039;, os.version: &#039;10.0&#039;, java.version: &#039;21.0.5&#039;
Driver info: org.openqa.selenium.chrome.ChromeDriver
Command: [82ad511e2ee1ca1a3a5e67fe2fc69163, findElement {using=xpath, value=//p[.=&quot;Invalid Url Passed&quot;]}]
Capabilities {acceptInsecureCerts: false, browserName: chrome, browserVersion: 131.0.6778.266, chrome: {chromedriverVersion: 131.0.6778.264 (2d05e315153..., userDataDir: C:\WINDOWS\TEMP\scoped_dir1...}, fedcm:accounts: true, goog:chromeOptions: {debuggerAddress: localhost:64100}, networkConnectionEnabled: false, pageLoadStrategy: normal, platformName: windows, proxy: Proxy(), se:cdp: ws://localhost:64100/devtoo..., se:cdpVersion: 131.0.6778.266, setWindowRect: true, strictFileInteractability: false, timeouts: {implicit: 0, pageLoad: 300000, script: 30000}, unhandledPromptBehavior: dismiss and notify, webauthn:extension:credBlob: true, webauthn:extension:largeBlob: true, webauthn:extension:minPinLength: true, webauthn:extension:prf: true, webauthn:virtualAuthenticators: true}
Session ID: 82ad511e2ee1ca1a3a5e67fe2fc69163" type="org.openqa.selenium.NoSuchElementException">
      <![CDATA[org.openqa.selenium.NoSuchElementException: no such element: Unable to locate element: {"method":"xpath","selector":"//p[.="Invalid Url Passed"]"}
  (Session info: chrome=131.0.6778.266)
For documentation on this error, please visit: https://www.selenium.dev/documentation/webdriver/troubleshooting/errors#no-such-element-exception
Build info: version: '4.26.0', revision: '8ccf0219d7'
System info: os.name: 'Windows 11', os.arch: 'amd64', os.version: '10.0', java.version: '21.0.5'
Driver info: org.openqa.selenium.chrome.ChromeDriver
Command: [82ad511e2ee1ca1a3a5e67fe2fc69163, findElement {using=xpath, value=//p[.="Invalid Url Passed"]}]
Capabilities {acceptInsecureCerts: false, browserName: chrome, browserVersion: 131.0.6778.266, chrome: {chromedriverVersion: 131.0.6778.264 (2d05e315153..., userDataDir: C:\WINDOWS\TEMP\scoped_dir1...}, fedcm:accounts: true, goog:chromeOptions: {debuggerAddress: localhost:64100}, networkConnectionEnabled: false, pageLoadStrategy: normal, platformName: windows, proxy: Proxy(), se:cdp: ws://localhost:64100/devtoo..., se:cdpVersion: 131.0.6778.266, setWindowRect: true, strictFileInteractability: false, timeouts: {implicit: 0, pageLoad: 300000, script: 30000}, unhandledPromptBehavior: dismiss and notify, webauthn:extension:credBlob: true, webauthn:extension:largeBlob: true, webauthn:extension:minPinLength: true, webauthn:extension:prf: true, webauthn:virtualAuthenticators: true}
Session ID: 82ad511e2ee1ca1a3a5e67fe2fc69163
at java.base/jdk.internal.reflect.DirectConstructorHandleAccessor.newInstance(DirectConstructorHandleAccessor.java:62)
at java.base/java.lang.reflect.Constructor.newInstanceWithCaller(Constructor.java:502)
at java.base/java.lang.reflect.Constructor.newInstance(Constructor.java:486)
at org.openqa.selenium.remote.ErrorCodec.decode(ErrorCodec.java:167)
at org.openqa.selenium.remote.codec.w3c.W3CHttpResponseCodec.decode(W3CHttpResponseCodec.java:138)
at org.openqa.selenium.remote.codec.w3c.W3CHttpResponseCodec.decode(W3CHttpResponseCodec.java:50)
at org.openqa.selenium.remote.HttpCommandExecutor.execute(HttpCommandExecutor.java:190)
at org.openqa.selenium.remote.service.DriverCommandExecutor.invokeExecute(DriverCommandExecutor.java:216)
at org.openqa.selenium.remote.service.DriverCommandExecutor.execute(DriverCommandExecutor.java:174)
at org.openqa.selenium.remote.RemoteWebDriver.execute(RemoteWebDriver.java:545)
at org.openqa.selenium.remote.ElementLocation$ElementFinder$2.findElement(ElementLocation.java:165)
at org.openqa.selenium.remote.ElementLocation.findElement(ElementLocation.java:59)
at org.openqa.selenium.remote.RemoteWebDriver.findElement(RemoteWebDriver.java:368)
at org.openqa.selenium.remote.RemoteWebDriver.findElement(RemoteWebDriver.java:362)
at org.openqa.selenium.support.pagefactory.DefaultElementLocator.findElement(DefaultElementLocator.java:68)
at org.openqa.selenium.support.pagefactory.internal.LocatingElementHandler.invoke(LocatingElementHandler.java:38)
at jdk.proxy2/jdk.proxy2.$Proxy33.getText(Unknown Source)
at Pages.Master.VideosPage.videoURLInvalidMsg(VideosPage.java:123)
at stepDefinitions.Master.VideosSteps.an_error_video_url_message_should_be_displayed(VideosSteps.java:236)
at ✽.an error video URL message "Invalid URL Passed" should be displayed(file:///D:/automation/practice/src/test/resources/features/Master/Videos.feature:41)
]]>
    </error>
  </testcase> <!-- runScenario -->
  <system-out/>
  <testcase classname="Runner.testRunner" name="runScenario" time="17.853"/>
  <system-out/>
  <testcase classname="Runner.testRunner" name="runScenario" time="15.646"/>
  <system-out/>
  <testcase classname="Runner.testRunner" name="runScenario" time="13.546"/>
  <system-out/>
  <testcase classname="Runner.testRunner" name="runScenario" time="10.655"/>
  <system-out/>
  <testcase classname="Runner.testRunner" name="runScenario" time="28.326">
    <error message="no such element: Unable to locate element: {&quot;method&quot;:&quot;xpath&quot;,&quot;selector&quot;:&quot;//p[.=&quot;Data Added Successfully&quot;]&quot;}
  (Session info: chrome=131.0.6778.266)
For documentation on this error, please visit: https://www.selenium.dev/documentation/webdriver/troubleshooting/errors#no-such-element-exception
Build info: version: &#039;4.26.0&#039;, revision: &#039;8ccf0219d7&#039;
System info: os.name: &#039;Windows 11&#039;, os.arch: &#039;amd64&#039;, os.version: &#039;10.0&#039;, java.version: &#039;21.0.5&#039;
Driver info: org.openqa.selenium.chrome.ChromeDriver
Command: [b5766b0eba36d0947c7af43000f1d321, findElement {using=xpath, value=//p[.=&quot;Data Added Successfully&quot;]}]
Capabilities {acceptInsecureCerts: false, browserName: chrome, browserVersion: 131.0.6778.266, chrome: {chromedriverVersion: 131.0.6778.264 (2d05e315153..., userDataDir: C:\WINDOWS\TEMP\scoped_dir3...}, fedcm:accounts: true, goog:chromeOptions: {debuggerAddress: localhost:63924}, networkConnectionEnabled: false, pageLoadStrategy: normal, platformName: windows, proxy: Proxy(), se:cdp: ws://localhost:63924/devtoo..., se:cdpVersion: 131.0.6778.266, setWindowRect: true, strictFileInteractability: false, timeouts: {implicit: 0, pageLoad: 300000, script: 30000}, unhandledPromptBehavior: dismiss and notify, webauthn:extension:credBlob: true, webauthn:extension:largeBlob: true, webauthn:extension:minPinLength: true, webauthn:extension:prf: true, webauthn:virtualAuthenticators: true}
Session ID: b5766b0eba36d0947c7af43000f1d321" type="org.openqa.selenium.NoSuchElementException">
      <![CDATA[org.openqa.selenium.NoSuchElementException: no such element: Unable to locate element: {"method":"xpath","selector":"//p[.="Data Added Successfully"]"}
  (Session info: chrome=131.0.6778.266)
For documentation on this error, please visit: https://www.selenium.dev/documentation/webdriver/troubleshooting/errors#no-such-element-exception
Build info: version: '4.26.0', revision: '8ccf0219d7'
System info: os.name: 'Windows 11', os.arch: 'amd64', os.version: '10.0', java.version: '21.0.5'
Driver info: org.openqa.selenium.chrome.ChromeDriver
Command: [b5766b0eba36d0947c7af43000f1d321, findElement {using=xpath, value=//p[.="Data Added Successfully"]}]
Capabilities {acceptInsecureCerts: false, browserName: chrome, browserVersion: 131.0.6778.266, chrome: {chromedriverVersion: 131.0.6778.264 (2d05e315153..., userDataDir: C:\WINDOWS\TEMP\scoped_dir3...}, fedcm:accounts: true, goog:chromeOptions: {debuggerAddress: localhost:63924}, networkConnectionEnabled: false, pageLoadStrategy: normal, platformName: windows, proxy: Proxy(), se:cdp: ws://localhost:63924/devtoo..., se:cdpVersion: 131.0.6778.266, setWindowRect: true, strictFileInteractability: false, timeouts: {implicit: 0, pageLoad: 300000, script: 30000}, unhandledPromptBehavior: dismiss and notify, webauthn:extension:credBlob: true, webauthn:extension:largeBlob: true, webauthn:extension:minPinLength: true, webauthn:extension:prf: true, webauthn:virtualAuthenticators: true}
Session ID: b5766b0eba36d0947c7af43000f1d321
at java.base/jdk.internal.reflect.DirectConstructorHandleAccessor.newInstance(DirectConstructorHandleAccessor.java:62)
at java.base/java.lang.reflect.Constructor.newInstanceWithCaller(Constructor.java:502)
at java.base/java.lang.reflect.Constructor.newInstance(Constructor.java:486)
at org.openqa.selenium.remote.ErrorCodec.decode(ErrorCodec.java:167)
at org.openqa.selenium.remote.codec.w3c.W3CHttpResponseCodec.decode(W3CHttpResponseCodec.java:138)
at org.openqa.selenium.remote.codec.w3c.W3CHttpResponseCodec.decode(W3CHttpResponseCodec.java:50)
at org.openqa.selenium.remote.HttpCommandExecutor.execute(HttpCommandExecutor.java:190)
at org.openqa.selenium.remote.service.DriverCommandExecutor.invokeExecute(DriverCommandExecutor.java:216)
at org.openqa.selenium.remote.service.DriverCommandExecutor.execute(DriverCommandExecutor.java:174)
at org.openqa.selenium.remote.RemoteWebDriver.execute(RemoteWebDriver.java:545)
at org.openqa.selenium.remote.ElementLocation$ElementFinder$2.findElement(ElementLocation.java:165)
at org.openqa.selenium.remote.ElementLocation.findElement(ElementLocation.java:59)
at org.openqa.selenium.remote.RemoteWebDriver.findElement(RemoteWebDriver.java:368)
at org.openqa.selenium.remote.RemoteWebDriver.findElement(RemoteWebDriver.java:362)
at org.openqa.selenium.support.pagefactory.DefaultElementLocator.findElement(DefaultElementLocator.java:68)
at org.openqa.selenium.support.pagefactory.internal.LocatingElementHandler.invoke(LocatingElementHandler.java:38)
at jdk.proxy2/jdk.proxy2.$Proxy33.getText(Unknown Source)
at Pages.Master.VideosPage.videoSuccessMsg(VideosPage.java:109)
at stepDefinitions.Master.VideosSteps.a_success_message_should_be_displayed(VideosSteps.java:118)
at ✽.a success message "Data Added Successfully" should be displayed(file:///D:/automation/practice/src/test/resources/features/Master/Videos.feature:13)
]]>
    </error>
  </testcase> <!-- runScenario -->
  <system-out/>
</testsuite> <!-- Runner.testRunner -->
